<?xml version="1.0" encoding="UTF-8"?>
<!-- Generated by org.testng.reporters.JUnitXMLReporter -->
<testsuite hostname="US-5CG94924ZQ" ignored="1" name="Default test" tests="8" failures="0" timestamp="25 May 2021 11:28:57 GMT" time="0.222" errors="0">
  <testcase name="@BeforeTest browser" time="0.079" classname="testngFramework.sample">
    <failure type="java.lang.NoClassDefFoundError" message="com/google/common/collect/ImmutableMap">
      <![CDATA[java.lang.NoClassDefFoundError: com/google/common/collect/ImmutableMap
at org.openqa.selenium.remote.service.DriverService$Builder.<init>(DriverService.java:259)
at org.openqa.selenium.chrome.ChromeDriverService$Builder.<init>(ChromeDriverService.java:101)
at org.openqa.selenium.chrome.ChromeDriverService.createDefaultService(ChromeDriverService.java:94)
at org.openqa.selenium.chrome.ChromeDriver.<init>(ChromeDriver.java:123)
at testngFramework.sample.browser(sample.java:23)
at sun.reflect.NativeMethodAccessorImpl.invoke0(Native Method)
at sun.reflect.NativeMethodAccessorImpl.invoke(NativeMethodAccessorImpl.java:62)
at sun.reflect.DelegatingMethodAccessorImpl.invoke(DelegatingMethodAccessorImpl.java:43)
at java.lang.reflect.Method.invoke(Method.java:498)
at org.testng.internal.MethodInvocationHelper.invokeMethod(MethodInvocationHelper.java:124)
at org.testng.internal.MethodInvocationHelper.invokeMethodConsideringTimeout(MethodInvocationHelper.java:59)
at org.testng.internal.Invoker.invokeConfigurationMethod(Invoker.java:458)
at org.testng.internal.Invoker.invokeConfigurations(Invoker.java:222)
at org.testng.internal.Invoker.invokeConfigurations(Invoker.java:142)
at org.testng.TestRunner.beforeRun(TestRunner.java:529)
at org.testng.TestRunner.run(TestRunner.java:497)
at org.testng.SuiteRunner.runTest(SuiteRunner.java:455)
at org.testng.SuiteRunner.runSequentially(SuiteRunner.java:450)
at org.testng.SuiteRunner.privateRun(SuiteRunner.java:415)
at org.testng.SuiteRunner.run(SuiteRunner.java:364)
at org.testng.SuiteRunnerWorker.runSuite(SuiteRunnerWorker.java:52)
at org.testng.SuiteRunnerWorker.run(SuiteRunnerWorker.java:84)
at org.testng.TestNG.runSuitesSequentially(TestNG.java:1208)
at org.testng.TestNG.runSuitesLocally(TestNG.java:1137)
at org.testng.TestNG.runSuites(TestNG.java:1049)
at org.testng.TestNG.run(TestNG.java:1017)
at org.testng.remote.AbstractRemoteTestNG.run(AbstractRemoteTestNG.java:132)
at org.testng.remote.RemoteTestNG.initAndRun(RemoteTestNG.java:230)
at org.testng.remote.RemoteTestNG.main(RemoteTestNG.java:76)
Caused by: java.lang.ClassNotFoundException: com.google.common.collect.ImmutableMap
at java.net.URLClassLoader.findClass(URLClassLoader.java:381)
at java.lang.ClassLoader.loadClass(ClassLoader.java:424)
at sun.misc.Launcher$AppClassLoader.loadClass(Launcher.java:349)
at java.lang.ClassLoader.loadClass(ClassLoader.java:357)
... 29 more
]]>
    </failure>
  </testcase> <!-- @BeforeTest browser -->
  <testcase name="@BeforeClass init" time="0.0" classname="testngFramework.NewTest1">
    <skipped/>
  </testcase> <!-- @BeforeClass init -->
  <testcase name="@AfterClass quit" time="0.0" classname="testngFramework.NewTest1">
    <skipped/>
  </testcase> <!-- @AfterClass quit -->
  <testcase name="@AfterTest closebrowser" time="0.0" classname="testngFramework.sample">
    <skipped/>
  </testcase> <!-- @AfterTest closebrowser -->
  <testcase name="login" time="0.0" classname="testngFramework.NewTest1">
    <skipped/>
  </testcase> <!-- login -->
  <testcase name="Verifytitle" time="0.0" classname="testngFramework.sample">
    <skipped/>
  </testcase> <!-- Verifytitle -->
  <testcase name="verify" time="0.0" classname="testngFramework.sample">
    <skipped/>
  </testcase> <!-- verify -->
  <testcase name="testA" time="0.0" classname="testngFramework.Sample1">
    <skipped/>
  </testcase> <!-- testA -->
  <testcase name="testB" time="0.0" classname="testngFramework.Sample1">
    <skipped/>
  </testcase> <!-- testB -->
  <testcase name="Test1" time="0.0" classname="testngFramework.NewTest3">
    <skipped/>
  </testcase> <!-- Test1 -->
  <testcase name="Test2" time="0.0" classname="testngFramework.NewTest3">
    <skipped/>
  </testcase> <!-- Test2 -->
  <testcase name="Test3" time="0.0" classname="testngFramework.NewTest3">
    <skipped/>
  </testcase> <!-- Test3 -->
  <testcase name="hij" time="0.0" classname="testngFramework.Sample1">
    <ignored/>
  </testcase> <!-- hij -->
</testsuite> <!-- Default test -->
