<?xml version="1.0" encoding="UTF-8"?>
<!-- Generated by org.testng.reporters.JUnitXMLReporter -->
<testsuite hostname="US-5CG94924ZQ" ignored="1" name="Test" tests="8" failures="0" timestamp="25 May 2021 11:30:33 GMT" time="2.152" errors="0">
  <testcase name="@BeforeTest browser" time="1.983" classname="testngFramework.sample">
    <failure type="java.lang.NoSuchMethodError" message="com.google.common.util.concurrent.SimpleTimeLimiter.create(Ljava/util/concurrent/ExecutorService;)Lcom/google/common/util/concurrent/SimpleTimeLimiter;">
      <![CDATA[java.lang.NoSuchMethodError: com.google.common.util.concurrent.SimpleTimeLimiter.create(Ljava/util/concurrent/ExecutorService;)Lcom/google/common/util/concurrent/SimpleTimeLimiter;
at org.openqa.selenium.net.UrlChecker.<init>(UrlChecker.java:62)
at org.openqa.selenium.remote.service.DriverService.waitUntilAvailable(DriverService.java:197)
at org.openqa.selenium.remote.service.DriverService.start(DriverService.java:188)
at org.openqa.selenium.remote.service.DriverCommandExecutor.execute(DriverCommandExecutor.java:79)
at org.openqa.selenium.remote.RemoteWebDriver.execute(RemoteWebDriver.java:552)
at org.openqa.selenium.remote.RemoteWebDriver.startSession(RemoteWebDriver.java:213)
at org.openqa.selenium.remote.RemoteWebDriver.<init>(RemoteWebDriver.java:131)
at org.openqa.selenium.chrome.ChromeDriver.<init>(ChromeDriver.java:181)
at org.openqa.selenium.chrome.ChromeDriver.<init>(ChromeDriver.java:168)
at org.openqa.selenium.chrome.ChromeDriver.<init>(ChromeDriver.java:123)
at testngFramework.sample.browser(sample.java:23)
... Removed 24 stack frames]]>
    </failure>
  </testcase> <!-- @BeforeTest browser -->
  <testcase name="@BeforeClass init" time="0.0" classname="testngFramework.NewTest1">
    <skipped/>
  </testcase> <!-- @BeforeClass init -->
  <testcase name="@AfterClass quit" time="0.0" classname="testngFramework.NewTest1">
    <skipped/>
  </testcase> <!-- @AfterClass quit -->
  <testcase name="@AfterTest closebrowser" time="0.0" classname="testngFramework.sample">
    <skipped/>
  </testcase> <!-- @AfterTest closebrowser -->
  <testcase name="login" time="0.0" classname="testngFramework.NewTest1">
    <skipped/>
  </testcase> <!-- login -->
  <testcase name="Test1" time="0.0" classname="testngFramework.NewTest3">
    <skipped/>
  </testcase> <!-- Test1 -->
  <testcase name="Test2" time="0.0" classname="testngFramework.NewTest3">
    <skipped/>
  </testcase> <!-- Test2 -->
  <testcase name="Test3" time="0.0" classname="testngFramework.NewTest3">
    <skipped/>
  </testcase> <!-- Test3 -->
  <testcase name="Verifytitle" time="0.0" classname="testngFramework.sample">
    <skipped/>
  </testcase> <!-- Verifytitle -->
  <testcase name="verify" time="0.0" classname="testngFramework.sample">
    <skipped/>
  </testcase> <!-- verify -->
  <testcase name="testA" time="0.0" classname="testngFramework.Sample1">
    <skipped/>
  </testcase> <!-- testA -->
  <testcase name="testB" time="0.0" classname="testngFramework.Sample1">
    <skipped/>
  </testcase> <!-- testB -->
  <testcase name="hij" time="0.0" classname="testngFramework.Sample1">
    <ignored/>
  </testcase> <!-- hij -->
</testsuite> <!-- Test -->
