<?xml version="1.0" encoding="UTF-8"?>
<!-- Generated by org.testng.reporters.JUnitXMLReporter -->
<testsuite hostname="US-5CG94924ZQ" ignored="1" name="Test" tests="8" failures="0" timestamp="25 May 2021 14:35:02 GMT" time="160.059" errors="0">
  <testcase name="login" time="38.582" classname="testngFramework.NewTest1"/>
  <testcase name="Test1" time="12.797" classname="testngFramework.NewTest3"/>
  <testcase name="Test2" time="18.941" classname="testngFramework.NewTest3"/>
  <testcase name="Test3" time="14.468" classname="testngFramework.NewTest3"/>
  <testcase name="Verifytitle" time="9.852" classname="testngFramework.sample"/>
  <testcase name="verify" time="46.925" classname="testngFramework.sample"/>
  <testcase name="testA" time="0.008" classname="testngFramework.Sample1"/>
  <testcase name="testB" time="5.014" classname="testngFramework.Sample1"/>
  <testcase name="hij" time="0.0" classname="testngFramework.Sample1">
    <ignored/>
  </testcase> <!-- hij -->
</testsuite> <!-- Test -->
