<?xml version="1.0" encoding="UTF-8"?>
<testng-results skipped="0" failed="0" total="1" passed="1">
  <reporter-output>
  </reporter-output>
  <suite name="Suite" duration-ms="5344" started-at="2022-02-08T06:47:00Z" finished-at="2022-02-08T06:47:05Z">
    <groups>
    </groups>
    <test name="Test" duration-ms="5344" started-at="2022-02-08T06:47:00Z" finished-at="2022-02-08T06:47:05Z">
      <class name="testngFramework.NewTest1">
        <test-method status="PASS" signature="init()[pri:0, instance:testngFramework.NewTest1@1d251891]" name="init" is-config="true" duration-ms="2249" started-at="2022-02-08T12:17:00Z" finished-at="2022-02-08T12:17:02Z">
          <reporter-output>
          </reporter-output>
        </test-method> <!-- init -->
        <test-method status="PASS" signature="login()[pri:0, instance:testngFramework.NewTest1@1d251891]" name="login" duration-ms="2970" started-at="2022-02-08T12:17:02Z" finished-at="2022-02-08T12:17:05Z">
          <reporter-output>
          </reporter-output>
        </test-method> <!-- login -->
        <test-method status="PASS" signature="quit()[pri:0, instance:testngFramework.NewTest1@1d251891]" name="quit" is-config="true" duration-ms="109" started-at="2022-02-08T12:17:05Z" finished-at="2022-02-08T12:17:05Z">
          <reporter-output>
          </reporter-output>
        </test-method> <!-- quit -->
      </class> <!-- testngFramework.NewTest1 -->
    </test> <!-- Test -->
  </suite> <!-- Suite -->
</testng-results>
