<?xml version="1.0" encoding="UTF-8"?>
<testng-results skipped="0" failed="0" ignored="0" total="1" passed="1">
  <reporter-output>
  </reporter-output>
  <suite name="Default suite" duration-ms="20339" started-at="2021-05-25T15:33:10Z" finished-at="2021-05-25T15:33:31Z">
    <groups>
    </groups>
    <test name="Default test" duration-ms="20339" started-at="2021-05-25T15:33:10Z" finished-at="2021-05-25T15:33:31Z">
      <class name="testngFramework.NewTest1">
        <test-method status="PASS" signature="init()[pri:0, instance:testngFramework.NewTest1@68c4039c]" name="init" is-config="true" duration-ms="4397" started-at="2021-05-25T15:33:11Z" finished-at="2021-05-25T15:33:15Z">
          <reporter-output>
          </reporter-output>
        </test-method> <!-- init -->
        <test-method status="PASS" signature="login()[pri:0, instance:testngFramework.NewTest1@68c4039c]" name="login" duration-ms="15466" started-at="2021-05-25T15:33:15Z" finished-at="2021-05-25T15:33:30Z">
          <reporter-output>
          </reporter-output>
        </test-method> <!-- login -->
        <test-method status="PASS" signature="quit()[pri:0, instance:testngFramework.NewTest1@68c4039c]" name="quit" is-config="true" duration-ms="433" started-at="2021-05-25T15:33:30Z" finished-at="2021-05-25T15:33:31Z">
          <reporter-output>
          </reporter-output>
        </test-method> <!-- quit -->
      </class> <!-- testngFramework.NewTest1 -->
    </test> <!-- Default test -->
  </suite> <!-- Default suite -->
</testng-results>
